This is pdfTeX, Version 3.14159265-2.6-1.40.18 (MiKTeX 2.9.6500 64-bit) (preloaded format=pdflatex 2018.1.24)  4 FEB 2018 13:52
entering extended mode
**./EntropyPorject.tex
(EntropyPorject.tex
LaTeX2e <2017-04-15>
Babel <3.15> and hyphenation patterns for 75 language(s) loaded.
("C:\Program Files\New folder\tex\latex\base\article.cls"
Document Class: article 2014/09/29 v1.4h Standard LaTeX document class
("C:\Program Files\New folder\tex\latex\base\size11.clo"
File: size11.clo 2014/09/29 v1.4h Standard LaTeX file (size option)
)
\c@part=\count79
\c@section=\count80
\c@subsection=\count81
\c@subsubsection=\count82
\c@paragraph=\count83
\c@subparagraph=\count84
\c@figure=\count85
\c@table=\count86
\abovecaptionskip=\skip41
\belowcaptionskip=\skip42
\bibindent=\dimen102
)
("C:\Program Files\New folder\tex\latex\graphics\graphicx.sty"
Package: graphicx 2017/06/01 v1.1a Enhanced LaTeX Graphics (DPC,SPQR)

("C:\Program Files\New folder\tex\latex\graphics\keyval.sty"
Package: keyval 2014/10/28 v1.15 key=value parser (DPC)
\KV@toks@=\toks14
)
("C:\Program Files\New folder\tex\latex\graphics\graphics.sty"
Package: graphics 2017/06/25 v1.2c Standard LaTeX Graphics (DPC,SPQR)

("C:\Program Files\New folder\tex\latex\graphics\trig.sty"
Package: trig 2016/01/03 v1.10 sin cos tan (DPC)
)
("C:\Program Files\New folder\tex\latex\graphics-cfg\graphics.cfg"
File: graphics.cfg 2016/06/04 v1.11 sample graphics configuration
)
Package graphics Info: Driver file: pdftex.def on input line 99.

("C:\Program Files\New folder\tex\latex\graphics-def\pdftex.def"
File: pdftex.def 2017/06/24 v1.0g Graphics/color driver for pdftex
))
\Gin@req@height=\dimen103
\Gin@req@width=\dimen104
)
("C:\Program Files\New folder\tex\latex\xcolor\xcolor.sty"
Package: xcolor 2016/05/11 v2.12 LaTeX color extensions (UK)

("C:\Program Files\New folder\tex\latex\graphics-cfg\color.cfg"
File: color.cfg 2016/01/02 v1.6 sample color configuration
)
Package xcolor Info: Driver file: pdftex.def on input line 225.
Package xcolor Info: Model `cmy' substituted by `cmy0' on input line 1348.
Package xcolor Info: Model `hsb' substituted by `rgb' on input line 1352.
Package xcolor Info: Model `RGB' extended on input line 1364.
Package xcolor Info: Model `HTML' substituted by `rgb' on input line 1366.
Package xcolor Info: Model `Hsb' substituted by `hsb' on input line 1367.
Package xcolor Info: Model `tHsb' substituted by `hsb' on input line 1368.
Package xcolor Info: Model `HSB' substituted by `hsb' on input line 1369.
Package xcolor Info: Model `Gray' substituted by `gray' on input line 1370.
Package xcolor Info: Model `wave' substituted by `hsb' on input line 1371.

("C:\Program Files\New folder\tex\latex\graphics\dvipsnam.def"
File: dvipsnam.def 2016/06/17 v3.0m Driver-dependent file (DPC,SPQR)
))
(EntropyPorject.aux)
\openout1 = `EntropyPorject.aux'.

LaTeX Font Info:    Checking defaults for OML/cmm/m/it on input line 10.
LaTeX Font Info:    ... okay on input line 10.
LaTeX Font Info:    Checking defaults for T1/cmr/m/n on input line 10.
LaTeX Font Info:    ... okay on input line 10.
LaTeX Font Info:    Checking defaults for OT1/cmr/m/n on input line 10.
LaTeX Font Info:    ... okay on input line 10.
LaTeX Font Info:    Checking defaults for OMS/cmsy/m/n on input line 10.
LaTeX Font Info:    ... okay on input line 10.
LaTeX Font Info:    Checking defaults for OMX/cmex/m/n on input line 10.
LaTeX Font Info:    ... okay on input line 10.
LaTeX Font Info:    Checking defaults for U/cmr/m/n on input line 10.
LaTeX Font Info:    ... okay on input line 10.

("C:\Program Files\New folder\tex\latex\oberdiek\epstopdf-base.sty"
Package: epstopdf-base 2016/05/15 v2.6 Base part for package epstopdf

("C:\Program Files\New folder\tex\generic\oberdiek\infwarerr.sty"
Package: infwarerr 2016/05/16 v1.4 Providing info/warning/error messages (HO)
)
("C:\Program Files\New folder\tex\latex\oberdiek\grfext.sty"
Package: grfext 2016/05/16 v1.2 Manage graphics extensions (HO)

("C:\Program Files\New folder\tex\generic\oberdiek\kvdefinekeys.sty"
Package: kvdefinekeys 2016/05/16 v1.4 Define keys (HO)

("C:\Program Files\New folder\tex\generic\oberdiek\ltxcmds.sty"
Package: ltxcmds 2016/05/16 v1.23 LaTeX kernel commands for general use (HO)
)))
("C:\Program Files\New folder\tex\latex\oberdiek\kvoptions.sty"
Package: kvoptions 2016/05/16 v3.12 Key value format for package options (HO)

("C:\Program Files\New folder\tex\generic\oberdiek\kvsetkeys.sty"
Package: kvsetkeys 2016/05/16 v1.17 Key value parser (HO)

("C:\Program Files\New folder\tex\generic\oberdiek\etexcmds.sty"
Package: etexcmds 2016/05/16 v1.6 Avoid name clashes with e-TeX commands (HO)

("C:\Program Files\New folder\tex\generic\oberdiek\ifluatex.sty"
Package: ifluatex 2016/05/16 v1.4 Provides the ifluatex switch (HO)
Package ifluatex Info: LuaTeX not detected.
)
Package etexcmds Info: Could not find \expanded.
(etexcmds)             That can mean that you are not using pdfTeX 1.50 or
(etexcmds)             that some package has redefined \expanded.
(etexcmds)             In the latter case, load this package earlier.
)))
("C:\Program Files\New folder\tex\generic\oberdiek\pdftexcmds.sty"
Package: pdftexcmds 2017/03/19 v0.25 Utility functions of pdfTeX for LuaTeX (HO
)

("C:\Program Files\New folder\tex\generic\oberdiek\ifpdf.sty"
Package: ifpdf 2017/03/15 v3.2 Provides the ifpdf switch
)
Package pdftexcmds Info: LuaTeX not detected.
Package pdftexcmds Info: \pdf@primitive is available.
Package pdftexcmds Info: \pdf@ifprimitive is available.
Package pdftexcmds Info: \pdfdraftmode found.
)
Package epstopdf-base Info: Redefining graphics rule for `.eps' on input line 4
38.
Package grfext Info: Graphics extension search list:
(grfext)             [.pdf,.png,.jpg,.mps,.jpeg,.jbig2,.jb2,.PDF,.PNG,.JPG,.JPE
G,.JBIG2,.JB2,.eps]
(grfext)             \AppendGraphicsExtensions on input line 456.
)
LaTeX Font Info:    External font `cmex10' loaded for size
(Font)              <12> on input line 11.
LaTeX Font Info:    External font `cmex10' loaded for size
(Font)              <8> on input line 11.
LaTeX Font Info:    External font `cmex10' loaded for size
(Font)              <6> on input line 11.

(EntropyPorject.toc
LaTeX Font Info:    External font `cmex10' loaded for size
(Font)              <10.95> on input line 4.
)
\tf@toc=\write3
\openout3 = `EntropyPorject.toc'.

 [1

{C:/Users/Djidanee/AppData/Local/MiKTeX/2.9/pdftex/config/pdftex.map}]
Underfull \hbox (badness 10000) in paragraph at lines 22--24

 []

LaTeX Font Info:    Try loading font information for OMS+cmr on input line 27.
("C:\Program Files\New folder\tex\latex\base\omscmr.fd"
File: omscmr.fd 2014/09/29 v2.5h Standard LaTeX font definitions
)
LaTeX Font Info:    Font shape `OMS/cmr/m/n' in size <10.95> not available
(Font)              Font shape `OMS/cmsy/m/n' tried instead on input line 27.
Missing character: There is no Ã in font cmr10!
Missing character: There is no Ÿ in font cmr10!

Overfull \hbox (17.98837pt too wide) in paragraph at lines 25--40
\OT1/cmr/m/n/10.95 3)Eine math-e-ma-tis-che Ap-prox-i-ma-tion zu log2 (Rei-hen-
darstel-lung oder Tabellen-
 []


Underfull \hbox (badness 10000) in paragraph at lines 25--40

 []


Underfull \hbox (badness 10000) in paragraph at lines 25--40

 []


Underfull \hbox (badness 10000) in paragraph at lines 25--40

 []


Underfull \hbox (badness 10000) in paragraph at lines 25--40

 []

[2]
Overfull \hbox (2.52122pt too wide) in paragraph at lines 49--51
\OT1/cmr/m/n/12 kann, muss diese Menge Zahlen zwis-chen $(0\OML/cmm/m/it/12 ; \
OT1/cmr/m/n/12 1]$ en-thal-ten und die Summe
 []


Underfull \hbox (badness 10000) in paragraph at lines 49--51

 []


Underfull \hbox (badness 10000) in paragraph at lines 53--63
$
 []


Underfull \hbox (badness 10000) in paragraph at lines 53--63

 []


Underfull \hbox (badness 10000) in paragraph at lines 67--68

 []

[3]
Underfull \hbox (badness 10000) in paragraph at lines 69--72

 []

Missing character: There is no â in font cmr12!
Missing character: There is no € in font cmr12!
Missing character: There is no ¦ in font cmr12!
Missing character: There is no â in font cmr12!
Missing character: There is no € in font cmr12!
Missing character: There is no ¦ in font cmr12!
Missing character: There is no â in font cmr12!
Missing character: There is no € in font cmr12!
Missing character: There is no ¦ in font cmr12!
Missing character: There is no â in font cmr12!
Missing character: There is no € in font cmr12!
Missing character: There is no ¦ in font cmr12!
Missing character: There is no â in font cmr12!
Missing character: There is no € in font cmr12!
Missing character: There is no ¦ in font cmr12!

Overfull \hbox (82.32277pt too wide) in paragraph at lines 75--103
\OT1/cmr/m/n/12 Lern-stoffe ge-fun-den. (z.B. https://www.h-schmidt.net/FloatCo
nverter/IEEE754.html)
 []


Underfull \hbox (badness 10000) in paragraph at lines 75--103

 []


Underfull \hbox (badness 10000) in paragraph at lines 75--103

 []


Underfull \hbox (badness 10000) in paragraph at lines 75--103

 []


Underfull \hbox (badness 10000) in paragraph at lines 75--103

 []


Underfull \hbox (badness 10000) in paragraph at lines 75--103

 []


Underfull \hbox (badness 10000) in paragraph at lines 75--103

 []


Underfull \hbox (badness 10000) in paragraph at lines 75--103

 []


Underfull \hbox (badness 10000) in paragraph at lines 75--103

 []


Underfull \hbox (badness 10000) in paragraph at lines 75--103

 []


Underfull \hbox (badness 10000) in paragraph at lines 75--103

 []


Underfull \hbox (badness 10000) in paragraph at lines 75--103

 []


Underfull \hbox (badness 10000) in paragraph at lines 75--103

 []


Underfull \hbox (badness 10000) in paragraph at lines 75--103

 []

[4] [5]
Missing character: There is no â in font cmr10!
Missing character: There is no € in font cmr10!
Missing character: There is no ž in font cmr10!
Missing character: There is no â in font cmr10!
Missing character: There is no € in font cmr10!
Missing character: There is no œ in font cmr10!
Missing character: There is no â in font cmr10!
Missing character: There is no € in font cmr10!
Missing character: There is no ž in font cmr10!
Missing character: There is no â in font cmr10!
Missing character: There is no € in font cmr10!
Missing character: There is no œ in font cmr10!
Missing character: There is no â in font cmr10!
Missing character: There is no € in font cmr10!
Missing character: There is no ž in font cmr10!
Missing character: There is no â in font cmr10!
Missing character: There is no € in font cmr10!
Missing character: There is no œ in font cmr10!
Missing character: There is no â in font cmr10!
Missing character: There is no € in font cmr10!
Missing character: There is no ž in font cmr10!
Missing character: There is no â in font cmr10!
Missing character: There is no € in font cmr10!
Missing character: There is no œ in font cmr10!
Missing character: There is no â in font cmr10!
Missing character: There is no € in font cmr10!
Missing character: There is no ž in font cmr10!
Missing character: There is no â in font cmr10!
Missing character: There is no € in font cmr10!
Missing character: There is no œ in font cmr10!
Missing character: There is no â in font cmr10!
Missing character: There is no € in font cmr10!
Missing character: There is no ž in font cmr10!
Missing character: There is no â in font cmr10!
Missing character: There is no € in font cmr10!
Missing character: There is no œ in font cmr10!
Missing character: There is no â in font cmr10!
Missing character: There is no € in font cmr10!
Missing character: There is no ž in font cmr10!
Missing character: There is no â in font cmr10!
Missing character: There is no € in font cmr10!
Missing character: There is no œ in font cmr10!
<1.png, id=29, 417.05812pt x 55.70813pt>
File: 1.png Graphic file (type png)
<use 1.png>
Package pdftex.def Info: 1.png  used on input line 132. on input line 132.
Package pdftex.def Info: Requested size: 333.64694pt x 44.56654pt on input line
 132.
Missing character: There is no â in font cmr10!
Missing character: There is no € in font cmr10!
Missing character: There is no ž in font cmr10!
Missing character: There is no â in font cmr10!
Missing character: There is no € in font cmr10!
Missing character: There is no œ in font cmr10!
Missing character: There is no â in font cmr10!
Missing character: There is no € in font cmr10!
Missing character: There is no ž in font cmr10!
Missing character: There is no â in font cmr10!
Missing character: There is no € in font cmr10!
Missing character: There is no œ in font cmr10!
Missing character: There is no â in font cmr10!
Missing character: There is no € in font cmr10!
Missing character: There is no ž in font cmr10!
Missing character: There is no â in font cmr10!
Missing character: There is no € in font cmr10!
Missing character: There is no œ in font cmr10!
<2.png, id=30, 417.05812pt x 48.93282pt>
File: 2.png Graphic file (type png)
<use 2.png>
Package pdftex.def Info: 2.png  used on input line 137. on input line 137.
Package pdftex.def Info: Requested size: 333.64694pt x 39.14629pt on input line
 137.
<3.png, id=31, 417.05812pt x 91.84312pt>
File: 3.png Graphic file (type png)
<use 3.png>
Package pdftex.def Info: 3.png  used on input line 140. on input line 140.
Package pdftex.def Info: Requested size: 333.64694pt x 73.47458pt on input line
 140.
Missing character: There is no â in font cmr10!
Missing character: There is no € in font cmr10!
Missing character: There is no ž in font cmr10!
Missing character: There is no â in font cmr10!
Missing character: There is no € in font cmr10!
Missing character: There is no œ in font cmr10!
<4.png, id=32, 417.05812pt x 170.88844pt>
File: 4.png Graphic file (type png)
<use 4.png>
Package pdftex.def Info: 4.png  used on input line 144. on input line 144.
Package pdftex.def Info: Requested size: 333.64694pt x 136.71092pt on input lin
e 144.
<5.png, id=33, 395.22656pt x 147.55125pt>
File: 5.png Graphic file (type png)
<use 5.png>
Package pdftex.def Info: 5.png  used on input line 155. on input line 155.
Package pdftex.def Info: Requested size: 316.18167pt x 118.04114pt on input lin
e 155.

Underfull \hbox (badness 10000) in paragraph at lines 121--159

 []


Underfull \hbox (badness 10000) in paragraph at lines 121--159

 []


Underfull \hbox (badness 10000) in paragraph at lines 121--159

 []


Underfull \hbox (badness 10000) in paragraph at lines 121--159

 []


Underfull \hbox (badness 10000) in paragraph at lines 121--159

 []


Underfull \hbox (badness 10000) in paragraph at lines 121--159

 []


Underfull \hbox (badness 10000) in paragraph at lines 121--159

 []


Underfull \hbox (badness 10000) in paragraph at lines 121--159

 []


Underfull \hbox (badness 10000) in paragraph at lines 121--159

 []


Underfull \hbox (badness 10000) in paragraph at lines 121--159

 []


Underfull \hbox (badness 10000) in paragraph at lines 121--159

 []


Underfull \hbox (badness 10000) in paragraph at lines 121--159

 []


Underfull \hbox (badness 10000) in paragraph at lines 121--159

 []


Overfull \hbox (17.90924pt too wide) in paragraph at lines 121--159
\OT1/cmr/m/n/10.95 Result in calc[]entropy[]approx: das Ergeb-nis von calc[]ent
ropy[]approx, Bonusauf-
 []


Underfull \hbox (badness 10000) in paragraph at lines 121--159

 []


Underfull \hbox (badness 10000) in paragraph at lines 121--159

 []


Overfull \hbox (7.75006pt too wide) in paragraph at lines 121--159
\OT1/cmr/m/n/10.95 Result in calc[]entropy[]c1: das Ergeb-nis von calc[]entropy
[]c1, wobei Bibliothek-
 []


Underfull \hbox (badness 10000) in paragraph at lines 121--159

 []


Underfull \hbox (badness 10000) in paragraph at lines 121--159

 []


Underfull \hbox (badness 10000) in paragraph at lines 121--159

 []


Underfull \hbox (badness 10000) in paragraph at lines 121--159

 []


Underfull \hbox (badness 10000) in paragraph at lines 121--159

 []


Underfull \hbox (badness 10000) in paragraph at lines 121--159

 []


Underfull \hbox (badness 10000) in paragraph at lines 121--159

 []


Underfull \hbox (badness 10000) in paragraph at lines 121--159

 []


Underfull \hbox (badness 10000) in paragraph at lines 121--159

 []


Underfull \hbox (badness 10000) in paragraph at lines 121--159

 []


Overfull \hbox (19.40074pt too wide) in paragraph at lines 121--159
\OT1/cmr/m/n/17.28 4. \OT1/cmr/m/n/10.95 Die Laufzeit von calc[]entropy[]old so
ll in der Nahe von der von calc[]entropy[]c2
 []


Underfull \hbox (badness 10000) in paragraph at lines 121--159

 []


Underfull \hbox (badness 10000) in paragraph at lines 121--159

 []


Underfull \hbox (badness 10000) in paragraph at lines 121--159

 []

[6] [7 <./1.png> <./2.png> <./3.png>] [8 <./4.png>]
<Ftable.png, id=44, 377.91188pt x 429.85594pt>
File: Ftable.png Graphic file (type png)
<use Ftable.png>
Package pdftex.def Info: Ftable.png  used on input line 162. on input line 162.

Package pdftex.def Info: Requested size: 302.32991pt x 343.88521pt on input lin
e 162.
<Dtable.png, id=45, 377.15906pt x 184.43906pt>
File: Dtable.png Graphic file (type png)
<use Dtable.png>
Package pdftex.def Info: Dtable.png  used on input line 163. on input line 163.

Package pdftex.def Info: Requested size: 339.44002pt x 165.9936pt on input line
 163.
 [9 <./5.png>]
LaTeX Font Info:    External font `cmex10' loaded for size
(Font)              <14.4> on input line 166.
LaTeX Font Info:    External font `cmex10' loaded for size
(Font)              <7> on input line 166.
Missing character: There is no â in font cmr10!
Missing character: There is no € in font cmr10!
Missing character: There is no “ in font cmr10!
Missing character: There is no Ã in font cmr10!
Missing character: There is no Ÿ in font cmr10!
Missing character: There is no â in font cmr10!
Missing character: There is no € in font cmr10!
Missing character: There is no “ in font cmr10!
Missing character: There is no â in font cmr10!
Missing character: There is no € in font cmr10!
Missing character: There is no “ in font cmr10!
Missing character: There is no â in font cmr10!
Missing character: There is no € in font cmr10!
Missing character: There is no “ in font cmr10!

Underfull \hbox (badness 10000) in paragraph at lines 166--350

 []


Underfull \hbox (badness 10000) in paragraph at lines 166--350

 []


Underfull \hbox (badness 10000) in paragraph at lines 166--350

 []


Underfull \hbox (badness 10000) in paragraph at lines 166--350

 []


Underfull \hbox (badness 10000) in paragraph at lines 166--350

 []


Underfull \hbox (badness 10000) in paragraph at lines 166--350

 []


Underfull \hbox (badness 10000) in paragraph at lines 166--350

 []


Underfull \hbox (badness 10000) in paragraph at lines 166--350

 []


Underfull \hbox (badness 10000) in paragraph at lines 166--350

 []


Underfull \hbox (badness 10000) in paragraph at lines 166--350

 []


Underfull \hbox (badness 10000) in paragraph at lines 166--350

 []


Underfull \hbox (badness 10000) in paragraph at lines 166--350

 []


Underfull \hbox (badness 10000) in paragraph at lines 166--350

 []


Underfull \hbox (badness 10000) in paragraph at lines 166--350

 []


Underfull \hbox (badness 10000) in paragraph at lines 166--350

 []


Underfull \hbox (badness 10000) in paragraph at lines 166--350

 []


Underfull \hbox (badness 10000) in paragraph at lines 166--350

 []


Underfull \hbox (badness 10000) in paragraph at lines 166--350

 []


Underfull \hbox (badness 10000) in paragraph at lines 166--350

 []


Underfull \hbox (badness 10000) in paragraph at lines 166--350

 []


Underfull \hbox (badness 10000) in paragraph at lines 166--350

 []


Underfull \hbox (badness 10000) in paragraph at lines 166--350

 []


Underfull \hbox (badness 10000) in paragraph at lines 166--350

 []


Underfull \hbox (badness 10000) in paragraph at lines 166--350

 []


Overfull \hbox (26.30733pt too wide) in paragraph at lines 166--350
\OT1/cmr/m/n/10.95 Ausfuhren ver-schiedene Eingaben auswahlen, um auf Per-for
-manz und Genauigkeit
 []


Underfull \hbox (badness 10000) in paragraph at lines 166--350

 []


Underfull \hbox (badness 10000) in paragraph at lines 166--350

 []


Underfull \hbox (badness 10000) in paragraph at lines 166--350

 []


Underfull \hbox (badness 10000) in paragraph at lines 166--350

 []


Underfull \hbox (badness 10000) in paragraph at lines 166--350

 []


Overfull \hbox (8.67073pt too wide) in paragraph at lines 166--350
\OT1/cmr/m/n/10.95 SIMD-Befehlen schon ver-wen-det. (Die alte Meth-ode ohne SIM
D-Optimierung,
 []


Underfull \hbox (badness 10000) in paragraph at lines 166--350

 []


Underfull \hbox (badness 10000) in paragraph at lines 166--350

 []


Underfull \hbox (badness 10000) in paragraph at lines 166--350

 []


Underfull \hbox (badness 10000) in paragraph at lines 166--350

 []


Underfull \hbox (badness 10000) in paragraph at lines 166--350

 []


Underfull \hbox (badness 10000) in paragraph at lines 166--350

 []


Underfull \hbox (badness 10000) in paragraph at lines 166--350

 []


Underfull \hbox (badness 10000) in paragraph at lines 166--350

 []


Underfull \hbox (badness 10000) in paragraph at lines 166--350

 []


Underfull \hbox (badness 10000) in paragraph at lines 166--350

 []


Underfull \hbox (badness 10000) in paragraph at lines 166--350

 []


Underfull \hbox (badness 10000) in paragraph at lines 166--350

 []


Underfull \hbox (badness 10000) in paragraph at lines 166--350

 []


Underfull \hbox (badness 10000) in paragraph at lines 166--350

 []


Underfull \hbox (badness 10000) in paragraph at lines 166--350

 []


Underfull \hbox (badness 10000) in paragraph at lines 166--350

 []


Underfull \hbox (badness 10000) in paragraph at lines 166--350

 []


Underfull \hbox (badness 10000) in paragraph at lines 166--350

 []


Underfull \hbox (badness 10000) in paragraph at lines 166--350

 []


Underfull \hbox (badness 10000) in paragraph at lines 166--350

 []


Underfull \hbox (badness 10000) in paragraph at lines 166--350

 []


Underfull \hbox (badness 10000) in paragraph at lines 166--350

 []


Underfull \hbox (badness 10000) in paragraph at lines 166--350

 []


Underfull \hbox (badness 10000) in paragraph at lines 166--350

 []


Underfull \hbox (badness 10000) in paragraph at lines 166--350

 []


Underfull \hbox (badness 10000) in paragraph at lines 166--350

 []


Underfull \hbox (badness 10000) in paragraph at lines 166--350

 []


Underfull \hbox (badness 10000) in paragraph at lines 166--350

 []


Underfull \hbox (badness 10000) in paragraph at lines 166--350

 []


Underfull \hbox (badness 10000) in paragraph at lines 166--350

 []


Underfull \hbox (badness 10000) in paragraph at lines 166--350

 []

[10 <./Ftable.png> <./Dtable.png>] [11] [12] [13] [14] [15] [16]
Underfull \hbox (badness 10000) in paragraph at lines 355--357

 []


Underfull \hbox (badness 10000) in paragraph at lines 355--357

 []

[17]
Missing character: There is no â in font cmr10!
Missing character: There is no ‰ in font cmr10!
Missing character: There is no ¤ in font cmr10!
Missing character: There is no â in font cmr10!
Missing character: There is no ‰ in font cmr10!
Missing character: There is no ¤ in font cmr10!

Underfull \hbox (badness 10000) in paragraph at lines 357--396

 []


Underfull \hbox (badness 10000) in paragraph at lines 357--396

 []


Underfull \hbox (badness 10000) in paragraph at lines 357--396

 []


Underfull \hbox (badness 10000) in paragraph at lines 357--396

 []


Underfull \hbox (badness 10000) in paragraph at lines 357--396

 []


Underfull \hbox (badness 10000) in paragraph at lines 357--396

 []


Underfull \hbox (badness 10000) in paragraph at lines 357--396

 []


Underfull \hbox (badness 10000) in paragraph at lines 357--396

 []


Underfull \hbox (badness 10000) in paragraph at lines 357--396

 []


Overfull \hbox (4.39212pt too wide) in paragraph at lines 357--396
\OT1/cmr/m/n/10.95 Nach dem []Uberprufen auf In-put-va-liditat im-ple-men-tie
ren wir dann die Berech-
 []


Underfull \hbox (badness 10000) in paragraph at lines 357--396

 []


Underfull \hbox (badness 10000) in paragraph at lines 357--396

 []


Underfull \hbox (badness 10000) in paragraph at lines 357--396

 []


Underfull \hbox (badness 10000) in paragraph at lines 357--396

 []


Underfull \hbox (badness 10000) in paragraph at lines 357--396

 []


Underfull \hbox (badness 10000) in paragraph at lines 357--396

 []


Underfull \hbox (badness 10000) in paragraph at lines 357--396

 []


Underfull \hbox (badness 10000) in paragraph at lines 357--396

 []


Underfull \hbox (badness 10000) in paragraph at lines 357--396

 []


Overfull \hbox (15.52457pt too wide) in paragraph at lines 357--396
\OT1/cmr/m/n/10.95 dass abge-se-hen von der SIMD-Optimierung wir noch eine Ver
anderung gemacht:
 []


Underfull \hbox (badness 10000) in paragraph at lines 357--396

 []


Underfull \hbox (badness 10000) in paragraph at lines 357--396

 []


Underfull \hbox (badness 10000) in paragraph at lines 357--396

 []

[18] [19]
Underfull \hbox (badness 10000) in paragraph at lines 403--409

 []

[20]
Underfull \hbox (badness 10000) in paragraph at lines 410--412

 []


Underfull \hbox (badness 10000) in paragraph at lines 421--423

 []


Underfull \hbox (badness 10000) in paragraph at lines 432--434

 []


Underfull \hbox (badness 10000) in paragraph at lines 443--445

 []


Underfull \hbox (badness 10000) in paragraph at lines 447--454

 []


Underfull \hbox (badness 10000) in paragraph at lines 447--454

 []

<image.png, id=84, 228.855pt x 145.29282pt>
File: image.png Graphic file (type png)
<use image.png>
Package pdftex.def Info: image.png  used on input line 470. on input line 470.
Package pdftex.def Info: Requested size: 183.08423pt x 116.23439pt on input lin
e 470.

Overfull \hbox (13.90334pt too wide) in paragraph at lines 466--489
\OT1/cmr/m/n/12 dann die zweite Bonus Auf-gabe: eine an-dere Meth-ode calc[]ent
ropy[]approx
 []


Underfull \hbox (badness 10000) in paragraph at lines 466--489

 []


Overfull \hbox (5.21649pt too wide) in paragraph at lines 466--489
\OT1/cmr/m/n/12 Das Prob-lem besteht darin, wie man die Mantisse-Teil von $\OML
/cmm/m/it/12 log[]X$ \OT1/cmr/m/n/12 bekom-
 []


Underfull \hbox (badness 10000) in paragraph at lines 466--489

 []


Underfull \hbox (badness 10000) in paragraph at lines 466--489

 []


Overfull \hbox (78.41434pt too wide) in paragraph at lines 466--489
\OT1/cmr/m/n/12 in dieser Ar-beit ist ziem-lich be-deu-tungsvoll (http://degior
gi.math.hr/aaa[]sem/Div/97-
 []


Underfull \hbox (badness 10000) in paragraph at lines 466--489

 []


Underfull \hbox (badness 10000) in paragraph at lines 466--489

 []


Underfull \hbox (badness 10000) in paragraph at lines 466--489

 []


Underfull \hbox (badness 10000) in paragraph at lines 466--489

 []


Underfull \hbox (badness 10000) in paragraph at lines 466--489

 []


Underfull \hbox (badness 10000) in paragraph at lines 466--489

 []


Underfull \hbox (badness 10000) in paragraph at lines 466--489

 []


Underfull \hbox (badness 10000) in paragraph at lines 466--489

 []


Underfull \hbox (badness 10000) in paragraph at lines 466--489

 []


Underfull \hbox (badness 10000) in paragraph at lines 466--489

 []


Underfull \hbox (badness 10000) in paragraph at lines 466--489

 []


Underfull \hbox (badness 10000) in paragraph at lines 466--489

 []


Underfull \hbox (badness 10000) in paragraph at lines 466--489

 []


Underfull \hbox (badness 10000) in paragraph at lines 466--489

 []


Underfull \hbox (badness 10000) in paragraph at lines 466--489

 []

[21] [22 <./image.png>]
Missing character: There is no â in font cmr12!
Missing character: There is no € in font cmr12!
Missing character: There is no ž in font cmr12!
Missing character: There is no â in font cmr12!
Missing character: There is no € in font cmr12!
Missing character: There is no œ in font cmr12!
Missing character: There is no â in font cmr12!
Missing character: There is no € in font cmr12!
Missing character: There is no “ in font cmr12!

Underfull \hbox (badness 10000) in paragraph at lines 499--501

 []

[23]
<6.png, id=94, 406.51875pt x 150.5625pt>
File: 6.png Graphic file (type png)
<use 6.png>
Package pdftex.def Info: 6.png  used on input line 511. on input line 511.
Package pdftex.def Info: Requested size: 325.21542pt x 120.45015pt on input lin
e 511.

Underfull \hbox (badness 10000) in paragraph at lines 505--512

 []


Underfull \hbox (badness 10000) in paragraph at lines 512--513

 []


Underfull \hbox (badness 10000) in paragraph at lines 513--515

 []


Underfull \hbox (badness 10000) in paragraph at lines 513--515

 []

[24 <./6.png>]
<7.png, id=98, 417.05812pt x 155.07938pt>
File: 7.png Graphic file (type png)
<use 7.png>
Package pdftex.def Info: 7.png  used on input line 516. on input line 516.
Package pdftex.def Info: Requested size: 333.64694pt x 124.06364pt on input lin
e 516.
Missing character: There is no â in font cmr12!
Missing character: There is no ‰ in font cmr12!
Missing character: There is no ˆ in font cmr12!

Underfull \hbox (badness 10000) in paragraph at lines 517--518

 []


Underfull \hbox (badness 10000) in paragraph at lines 518--519

 []


Underfull \hbox (badness 10000) in paragraph at lines 520--521

 []

<8.png, id=99, 417.05812pt x 152.06813pt>
File: 8.png Graphic file (type png)
<use 8.png>
Package pdftex.def Info: 8.png  used on input line 522. on input line 522.
Package pdftex.def Info: Requested size: 333.64694pt x 121.65466pt on input lin
e 522.

Underfull \hbox (badness 10000) in paragraph at lines 523--524

 []


Underfull \hbox (badness 10000) in paragraph at lines 524--525

 []

<9.png, id=100, 417.05812pt x 158.09062pt>
File: 9.png Graphic file (type png)
<use 9.png>
Package pdftex.def Info: 9.png  used on input line 527. on input line 527.
Package pdftex.def Info: Requested size: 333.64694pt x 126.47266pt on input lin
e 527.
[25 <./7.png> <./8.png>]
Underfull \hbox (badness 10000) in paragraph at lines 528--529

 []


Underfull \hbox (badness 10000) in paragraph at lines 529--537

 []


Overfull \hbox (10.57393pt too wide) in paragraph at lines 529--537
\OT1/cmr/m/n/12 gle-ich zu Ad-di-tion (vadd) und Sub-trak-tion (vsub) ziem-lich
 stark abhangig
 []


Underfull \hbox (badness 10000) in paragraph at lines 529--537

 []


Underfull \hbox (badness 10000) in paragraph at lines 529--537

 []

Missing character: There is no â in font cmr12!
Missing character: There is no € in font cmr12!
Missing character: There is no ¦ in font cmr12!
<image4.png, id=105, 298.86656pt x 207.02344pt>
File: image4.png Graphic file (type png)
<use image4.png>
Package pdftex.def Info: image4.png  used on input line 539. on input line 539.

Package pdftex.def Info: Requested size: 239.09355pt x 165.61896pt on input lin
e 539.
<image5.png, id=106, 295.85532pt x 154.32657pt>
File: image5.png Graphic file (type png)
<use image5.png>
Package pdftex.def Info: image5.png  used on input line 541. on input line 541.

Package pdftex.def Info: Requested size: 236.68456pt x 123.4614pt on input line
 541.

Underfull \hbox (badness 10000) in paragraph at lines 538--547

 []


Underfull \hbox (badness 10000) in paragraph at lines 538--547

 []


Underfull \hbox (badness 10000) in paragraph at lines 538--547

 []


Underfull \hbox (badness 10000) in paragraph at lines 538--547

 []


Overfull \hbox (2.3319pt too wide) in paragraph at lines 538--547
\OT1/cmr/m/n/12 putwert klein wird. Wenn der In-putwert ziem-lich klein ist, z.
B. 0.00001f,
 []


Underfull \hbox (badness 10000) in paragraph at lines 538--547

 []


Underfull \hbox (badness 10000) in paragraph at lines 538--547

 []


Underfull \hbox (badness 10000) in paragraph at lines 538--547

 []


Underfull \hbox (badness 10000) in paragraph at lines 538--547

 []

[26 <./9.png>] [27 <./image4.png> <./image5.png>] [28] (EntropyPorject.aux) )
(\end occurred inside a group at level 3)

### simple group (level 3) entered at line 337 ({)
### simple group (level 2) entered at line 275 ({)
### simple group (level 1) entered at line 241 ({)
### bottom level 
Here is how much of TeX's memory you used:
 1781 strings out of 493312
 24153 string characters out of 3138890
 104042 words of memory out of 3000000
 5313 multiletter control sequences out of 15000+200000
 9426 words of font info for 33 fonts, out of 3000000 for 9000
 1141 hyphenation exceptions out of 8191
 41i,6n,35p,801b,240s stack positions out of 5000i,500n,10000p,200000b,50000s
<C:/Program Files/New folder/fonts/type1/public/amsfonts/cm/cmb
x10.pfb><C:/Program Files/New folder/fonts/type1/public/amsfonts/cm/cmbx12.pfb>
<C:/Program Files/New folder/fonts/type1/public/amsfonts/cm/cmex10.pfb><C:/Prog
ram Files/New folder/fonts/type1/public/amsfonts/cm/cmmi10.pfb><C:/Program File
s/New folder/fonts/type1/public/amsfonts/cm/cmmi12.pfb><C:/Program Files/New fo
lder/fonts/type1/public/amsfonts/cm/cmmi8.pfb><C:/Program Files/New folder/font
s/type1/public/amsfonts/cm/cmr10.pfb><C:/Program Files/New folder/fonts/type1/p
ublic/amsfonts/cm/cmr12.pfb><C:/Program Files/New folder/fonts/type1/public/ams
fonts/cm/cmr17.pfb><C:/Program Files/New folder/fonts/type1/public/amsfonts/cm/
cmr8.pfb><C:/Program Files/New folder/fonts/type1/public/amsfonts/cm/cmsy10.pfb
><C:/Program Files/New folder/fonts/type1/public/amsfonts/cm/cmsy8.pfb>
Output written on EntropyPorject.pdf (28 pages, 523429 bytes).
PDF statistics:
 154 PDF objects out of 1000 (max. 8388607)
 0 named destinations out of 1000 (max. 500000)
 71 words of extra memory for PDF output out of 10000 (max. 10000000)

